# JRE version: Java(TM) SE Runtime Environment (17.0.12+8) (build 17.0.12+8-LTS-286)
# Java VM: Java HotSpot(TM) 64-Bit Server VM (17.0.12+8-LTS-286, mixed mode, sharing, tiered, compressed oops, compressed class ptrs, g1 gc, windows-amd64)
GC Precious Log:
 CPUs: 8 total, 8 available
 Memory: 3317M
 Large Page Support: Disabled
 NUMA Support: Disabled
 Compressed Oops: Enabled (32-bit)
 Heap Region Size: 1M
 Heap Min Capacity: 8M
 Heap Initial Capacity: 52M
 Heap Max Capacity: 830M
 Pre-touch: Disabled
 Parallel Workers: 8
 Concurrent Workers: 2
 Concurrent Refinement Workers: 8
 Periodic GC: Disabled
Heap:
 garbage-first heap   total 51200K, used 34597K [0x00000000cc200000, 0x0000000100000000)
  region size 1024K, 11 young (11264K), 2 survivors (2048K)
 Metaspace       used 53409K, committed 53952K, reserved 1114112K
  class space    used 7036K, committed 7296K, reserved 1048576K
GC Heap History (20 events):
Event: 3.735 GC heap before
{Heap before GC invocations=5 (full 0):
 garbage-first heap   total 51200K, used 34983K [0x00000000cc200000, 0x0000000100000000)
  region size 1024K, 26 young (26624K), 4 survivors (4096K)
 Metaspace       used 24733K, committed 25152K, reserved 1114112K
  class space    used 3175K, committed 3392K, reserved 1048576K
}
Event: 3.743 GC heap after
{Heap after GC invocations=6 (full 0):
 garbage-first heap   total 51200K, used 14764K [0x00000000cc200000, 0x0000000100000000)
  region size 1024K, 2 young (2048K), 2 survivors (2048K)
 Metaspace       used 24733K, committed 25152K, reserved 1114112K
  class space    used 3175K, committed 3392K, reserved 1048576K
}
Event: 4.386 GC heap before
{Heap before GC invocations=6 (full 0):
 garbage-first heap   total 51200K, used 35244K [0x00000000cc200000, 0x0000000100000000)
  region size 1024K, 22 young (22528K), 2 survivors (2048K)
 Metaspace       used 28411K, committed 28800K, reserved 1114112K
  class space    used 3740K, committed 3904K, reserved 1048576K
}
Event: 4.391 GC heap after
{Heap after GC invocations=7 (full 0):
 garbage-first heap   total 51200K, used 16562K [0x00000000cc200000, 0x0000000100000000)
  region size 1024K, 3 young (3072K), 3 survivors (3072K)
 Metaspace       used 28411K, committed 28800K, reserved 1114112K
  class space    used 3740K, committed 3904K, reserved 1048576K
}
Event: 5.146 GC heap before
{Heap before GC invocations=7 (full 0):
 garbage-first heap   total 51200K, used 37042K [0x00000000cc200000, 0x0000000100000000)
  region size 1024K, 23 young (23552K), 3 survivors (3072K)
 Metaspace       used 33122K, committed 33536K, reserved 1114112K
  class space    used 4338K, committed 4544K, reserved 1048576K
}
Event: 5.150 GC heap after
{Heap after GC invocations=8 (full 0):
 garbage-first heap   total 51200K, used 18772K [0x00000000cc200000, 0x0000000100000000)
  region size 1024K, 3 young (3072K), 3 survivors (3072K)
 Metaspace       used 33122K, committed 33536K, reserved 1114112K
  class space    used 4338K, committed 4544K, reserved 1048576K
}
Event: 5.413 GC heap before
{Heap before GC invocations=8 (full 0):
 garbage-first heap   total 51200K, used 29012K [0x00000000cc200000, 0x0000000100000000)
  region size 1024K, 14 young (14336K), 3 survivors (3072K)
 Metaspace       used 35702K, committed 36096K, reserved 1114112K
  class space    used 4695K, committed 4864K, reserved 1048576K
}
Event: 5.416 GC heap after
{Heap after GC invocations=9 (full 0):
 garbage-first heap   total 51200K, used 19605K [0x00000000cc200000, 0x0000000100000000)
  region size 1024K, 1 young (1024K), 1 survivors (1024K)
 Metaspace       used 35702K, committed 36096K, reserved 1114112K
  class space    used 4695K, committed 4864K, reserved 1048576K
}
Event: 5.641 GC heap before
{Heap before GC invocations=10 (full 0):
 garbage-first heap   total 51200K, used 37013K [0x00000000cc200000, 0x0000000100000000)
  region size 1024K, 19 young (19456K), 1 survivors (1024K)
 Metaspace       used 40359K, committed 40832K, reserved 1114112K
  class space    used 5259K, committed 5504K, reserved 1048576K
}
Event: 5.642 GC heap after
{Heap after GC invocations=11 (full 0):
 garbage-first heap   total 51200K, used 20236K [0x00000000cc200000, 0x0000000100000000)
  region size 1024K, 2 young (2048K), 2 survivors (2048K)
 Metaspace       used 40359K, committed 40832K, reserved 1114112K
  class space    used 5259K, committed 5504K, reserved 1048576K
}
Event: 5.834 GC heap before
{Heap before GC invocations=11 (full 0):
 garbage-first heap   total 51200K, used 37644K [0x00000000cc200000, 0x0000000100000000)
  region size 1024K, 20 young (20480K), 2 survivors (2048K)
 Metaspace       used 44197K, committed 44672K, reserved 1114112K
  class space    used 5855K, committed 6080K, reserved 1048576K
}
Event: 5.836 GC heap after
{Heap after GC invocations=12 (full 0):
 garbage-first heap   total 51200K, used 21844K [0x00000000cc200000, 0x0000000100000000)
  region size 1024K, 3 young (3072K), 3 survivors (3072K)
 Metaspace       used 44197K, committed 44672K, reserved 1114112K
  class space    used 5855K, committed 6080K, reserved 1048576K
}
Event: 6.206 GC heap before
{Heap before GC invocations=12 (full 0):
 garbage-first heap   total 51200K, used 40276K [0x00000000cc200000, 0x0000000100000000)
  region size 1024K, 21 young (21504K), 3 survivors (3072K)
 Metaspace       used 47260K, committed 47744K, reserved 1114112K
  class space    used 6320K, committed 6528K, reserved 1048576K
}
Event: 6.209 GC heap after
{Heap after GC invocations=13 (full 0):
 garbage-first heap   total 51200K, used 23774K [0x00000000cc200000, 0x0000000100000000)
  region size 1024K, 2 young (2048K), 2 survivors (2048K)
 Metaspace       used 47260K, committed 47744K, reserved 1114112K
  class space    used 6320K, committed 6528K, reserved 1048576K
}
Event: 6.509 GC heap before
{Heap before GC invocations=13 (full 0):
 garbage-first heap   total 51200K, used 39134K [0x00000000cc200000, 0x0000000100000000)
  region size 1024K, 18 young (18432K), 2 survivors (2048K)
 Metaspace       used 49980K, committed 50496K, reserved 1114112K
  class space    used 6710K, committed 6976K, reserved 1048576K
}
Event: 6.511 GC heap after
{Heap after GC invocations=14 (full 0):
 garbage-first heap   total 51200K, used 25431K [0x00000000cc200000, 0x0000000100000000)
  region size 1024K, 2 young (2048K), 2 survivors (2048K)
 Metaspace       used 49980K, committed 50496K, reserved 1114112K
  class space    used 6710K, committed 6976K, reserved 1048576K
}
Event: 37.899 GC heap before
{Heap before GC invocations=14 (full 0):
 garbage-first heap   total 51200K, used 39767K [0x00000000cc200000, 0x0000000100000000)
  region size 1024K, 17 young (17408K), 2 survivors (2048K)
 Metaspace       used 52917K, committed 53440K, reserved 1114112K
  class space    used 7033K, committed 7296K, reserved 1048576K
}
Event: 37.930 GC heap after
{Heap after GC invocations=15 (full 0):
 garbage-first heap   total 51200K, used 26510K [0x00000000cc200000, 0x0000000100000000)
  region size 1024K, 2 young (2048K), 2 survivors (2048K)
 Metaspace       used 52917K, committed 53440K, reserved 1114112K
  class space    used 7033K, committed 7296K, reserved 1048576K
}
Event: 197.618 GC heap before
{Heap before GC invocations=16 (full 0):
 garbage-first heap   total 51200K, used 39822K [0x00000000cc200000, 0x0000000100000000)
  region size 1024K, 15 young (15360K), 2 survivors (2048K)
 Metaspace       used 53303K, committed 53824K, reserved 1114112K
  class space    used 7036K, committed 7296K, reserved 1048576K
}
Event: 197.652 GC heap after
{Heap after GC invocations=17 (full 0):
 garbage-first heap   total 51200K, used 26405K [0x00000000cc200000, 0x0000000100000000)
  region size 1024K, 2 young (2048K), 2 survivors (2048K)
 Metaspace       used 53303K, committed 53824K, reserved 1114112K
  class space    used 7036K, committed 7296K, reserved 1048576K
}

